<?xml version="1.0" encoding="UTF-8"?>
<testsuite name="at.jku.sea.cloud.javaobjectstorage.test.TestJavaObjectStorage" time="0.718" tests="29" errors="0" skipped="0" failures="0">
  <properties>
    <property name="java.runtime.name" value="Java(TM) SE Runtime Environment"/>
    <property name="sun.boot.library.path" value="C:\Program Files\Java\jdk1.7.0_55\jre\bin"/>
    <property name="java.vm.version" value="24.55-b03"/>
    <property name="java.vm.vendor" value="Oracle Corporation"/>
    <property name="java.vendor.url" value="http://java.oracle.com/"/>
    <property name="path.separator" value=";"/>
    <property name="guice.disable.misplaced.annotation.check" value="true"/>
    <property name="java.vm.name" value="Java HotSpot(TM) 64-Bit Server VM"/>
    <property name="file.encoding.pkg" value="sun.io"/>
    <property name="user.script" value=""/>
    <property name="user.country" value="US"/>
    <property name="sun.java.launcher" value="SUN_STANDARD"/>
    <property name="sun.os.patch.level" value=""/>
    <property name="java.vm.specification.name" value="Java Virtual Machine Specification"/>
    <property name="user.dir" value="C:\Users\Tom\Desktop\sea workspace\at.jku.sea.cloud"/>
    <property name="java.runtime.version" value="1.7.0_55-b13"/>
    <property name="java.awt.graphicsenv" value="sun.awt.Win32GraphicsEnvironment"/>
    <property name="java.endorsed.dirs" value="C:\Program Files\Java\jdk1.7.0_55\jre\lib\endorsed"/>
    <property name="os.arch" value="amd64"/>
    <property name="java.io.tmpdir" value="C:\Users\Tom\AppData\Local\Temp\"/>
    <property name="line.separator" value="&#10;"/>
    <property name="java.vm.specification.vendor" value="Oracle Corporation"/>
    <property name="user.variant" value=""/>
    <property name="os.name" value="Windows 8.1"/>
    <property name="classworlds.conf" value="C:\Users\Tom\Desktop\sea workspace\.metadata\.plugins\org.eclipse.m2e.launching\launches\m2conf7443628632825536469.tmp"/>
    <property name="sun.jnu.encoding" value="Cp1252"/>
    <property name="java.library.path" value="C:\Program Files\Java\jdk1.7.0_55\bin;C:\WINDOWS\Sun\Java\bin;C:\WINDOWS\system32;C:\WINDOWS;%JAVA_HOME%\bin;C:\Windows\system32;C:\Windows;C:\Windows\System32\Wbem;C:\Windows\System32\WindowsPowerShell\v1.0\;C:\Program Files\Microsoft\Web Platform Installer\;C:\Program Files (x86)\Microsoft ASP.NET\ASP.NET Web Pages\v1.0\;C:\Program Files\Microsoft SQL Server\110\Tools\Binn\;C:\Program Files (x86)\FPC\2.6.0\bin\i386-Win32;C:\Program Files (x86)\scala\\bin;C:\Program Files\Zune\;C:\Program Files (x86)\Java\jre6\bin;C:\Program Files (x86)\MiKTeX 2.9\miktex\bin\;C:\Anaconda;C:\Anaconda\Scripts;C:\WINDOWS\system32;C:\WINDOWS;C:\WINDOWS\System32\Wbem;C:\WINDOWS\System32\WindowsPowerShell\v1.0\;C:\Program Files\TortoiseSVN\bin;C:\Program Files (x86)\Windows Kits\8.1\Windows Performance Toolkit\;C:\Program Files\Java\jdk1.7.0_55\bin;C:\Program Files\Apache Software Foundation\apache-maven-3.2.2\bin;."/>
    <property name="java.specification.name" value="Java Platform API Specification"/>
    <property name="java.class.version" value="51.0"/>
    <property name="sun.management.compiler" value="HotSpot 64-Bit Tiered Compilers"/>
    <property name="os.version" value="6.3"/>
    <property name="user.home" value="C:\Users\Tom"/>
    <property name="user.timezone" value="Europe/Berlin"/>
    <property name="java.awt.printerjob" value="sun.awt.windows.WPrinterJob"/>
    <property name="java.specification.version" value="1.7"/>
    <property name="file.encoding" value="Cp1252"/>
    <property name="user.name" value="Tom"/>
    <property name="java.class.path" value="/C:/Users/Tom/Desktop/eclipse/plugins/org.eclipse.m2e.maven.runtime_1.5.0.20140605-2032/jars/plexus-classworlds-2.5.1.jar"/>
    <property name="org.slf4j.simpleLogger.defaultLogLevel" value="info"/>
    <property name="java.vm.specification.version" value="1.7"/>
    <property name="sun.arch.data.model" value="64"/>
    <property name="java.home" value="C:\Program Files\Java\jdk1.7.0_55\jre"/>
    <property name="sun.java.command" value="org.codehaus.plexus.classworlds.launcher.Launcher -B install"/>
    <property name="java.specification.vendor" value="Oracle Corporation"/>
    <property name="user.language" value="en"/>
    <property name="awt.toolkit" value="sun.awt.windows.WToolkit"/>
    <property name="java.vm.info" value="mixed mode"/>
    <property name="java.version" value="1.7.0_55"/>
    <property name="java.ext.dirs" value="C:\Program Files\Java\jdk1.7.0_55\jre\lib\ext;C:\WINDOWS\Sun\Java\lib\ext"/>
    <property name="sun.boot.class.path" value="C:\Program Files\Java\jdk1.7.0_55\jre\lib\resources.jar;C:\Program Files\Java\jdk1.7.0_55\jre\lib\rt.jar;C:\Program Files\Java\jdk1.7.0_55\jre\lib\sunrsasign.jar;C:\Program Files\Java\jdk1.7.0_55\jre\lib\jsse.jar;C:\Program Files\Java\jdk1.7.0_55\jre\lib\jce.jar;C:\Program Files\Java\jdk1.7.0_55\jre\lib\charsets.jar;C:\Program Files\Java\jdk1.7.0_55\jre\lib\jfr.jar;C:\Program Files\Java\jdk1.7.0_55\jre\classes"/>
    <property name="java.vendor" value="Oracle Corporation"/>
    <property name="maven.home" value="C:\Users\Tom\Desktop\sea workspace\at.jku.sea.cloud\EMBEDDED"/>
    <property name="file.separator" value="\"/>
    <property name="java.vendor.url.bug" value="http://bugreport.sun.com/bugreport/"/>
    <property name="sun.cpu.endian" value="little"/>
    <property name="sun.io.unicode.encoding" value="UnicodeLittle"/>
    <property name="sun.desktop" value="windows"/>
    <property name="sun.cpu.isalist" value="amd64"/>
  </properties>
  <testcase name="testObjectFloat" classname="at.jku.sea.cloud.javaobjectstorage.test.TestJavaObjectStorage" time="0.031"/>
  <testcase name="testObjectShort" classname="at.jku.sea.cloud.javaobjectstorage.test.TestJavaObjectStorage" time="0.016"/>
  <testcase name="testCyclicData" classname="at.jku.sea.cloud.javaobjectstorage.test.TestJavaObjectStorage" time="0.062"/>
  <testcase name="testPrimitiveObjectCollection" classname="at.jku.sea.cloud.javaobjectstorage.test.TestJavaObjectStorage" time="0.031"/>
  <testcase name="testPrimitiveInteger" classname="at.jku.sea.cloud.javaobjectstorage.test.TestJavaObjectStorage" time="0.016"/>
  <testcase name="testObjectBoolean" classname="at.jku.sea.cloud.javaobjectstorage.test.TestJavaObjectStorage" time="0.016"/>
  <testcase name="testPrimitiveByte" classname="at.jku.sea.cloud.javaobjectstorage.test.TestJavaObjectStorage" time="0.015"/>
  <testcase name="testPrimitiveLong" classname="at.jku.sea.cloud.javaobjectstorage.test.TestJavaObjectStorage" time="0.016"/>
  <testcase name="testNull" classname="at.jku.sea.cloud.javaobjectstorage.test.TestJavaObjectStorage" time="0"/>
  <testcase name="testPrimitiveDouble" classname="at.jku.sea.cloud.javaobjectstorage.test.TestJavaObjectStorage" time="0.031"/>
  <testcase name="testObjectDouble" classname="at.jku.sea.cloud.javaobjectstorage.test.TestJavaObjectStorage" time="0.016"/>
  <testcase name="testComplexObjectCollection" classname="at.jku.sea.cloud.javaobjectstorage.test.TestJavaObjectStorage" time="0.078"/>
  <testcase name="testPrimitiveCharacter" classname="at.jku.sea.cloud.javaobjectstorage.test.TestJavaObjectStorage" time="0.015"/>
  <testcase name="testComplexObjectArray" classname="at.jku.sea.cloud.javaobjectstorage.test.TestJavaObjectStorage" time="0.047"/>
  <testcase name="testObjectByte" classname="at.jku.sea.cloud.javaobjectstorage.test.TestJavaObjectStorage" time="0.016"/>
  <testcase name="testObjectLong" classname="at.jku.sea.cloud.javaobjectstorage.test.TestJavaObjectStorage" time="0.016"/>
  <testcase name="testObjectInteger" classname="at.jku.sea.cloud.javaobjectstorage.test.TestJavaObjectStorage" time="0.015"/>
  <testcase name="testComplexObjectMap" classname="at.jku.sea.cloud.javaobjectstorage.test.TestJavaObjectStorage" time="0.125"/>
  <testcase name="testComplexObject" classname="at.jku.sea.cloud.javaobjectstorage.test.TestJavaObjectStorage" time="0"/>
  <testcase name="testPrimitiveBoolean" classname="at.jku.sea.cloud.javaobjectstorage.test.TestJavaObjectStorage" time="0.015"/>
  <testcase name="testObjectCharacter" classname="at.jku.sea.cloud.javaobjectstorage.test.TestJavaObjectStorage" time="0"/>
  <testcase name="testPrimitiveObjectMap" classname="at.jku.sea.cloud.javaobjectstorage.test.TestJavaObjectStorage" time="0.094"/>
  <testcase name="testOverriddenFields" classname="at.jku.sea.cloud.javaobjectstorage.test.TestJavaObjectStorage" time="0"/>
  <testcase name="testPrimitiveArray" classname="at.jku.sea.cloud.javaobjectstorage.test.TestJavaObjectStorage" time="0.016"/>
  <testcase name="testPrimitiveFloat" classname="at.jku.sea.cloud.javaobjectstorage.test.TestJavaObjectStorage" time="0.015"/>
  <testcase name="testPrimitiveShort" classname="at.jku.sea.cloud.javaobjectstorage.test.TestJavaObjectStorage" time="0"/>
  <testcase name="testString" classname="at.jku.sea.cloud.javaobjectstorage.test.TestJavaObjectStorage" time="0.016"/>
  <testcase name="testPrimitiveObjectArray" classname="at.jku.sea.cloud.javaobjectstorage.test.TestJavaObjectStorage" time="0"/>
  <testcase name="testStringArray" classname="at.jku.sea.cloud.javaobjectstorage.test.TestJavaObjectStorage" time="0"/>
</testsuite>